|SourceProjectName:API Guide.hpr
|DestinationProjectName:English.htm
whhost.js
whmsg.js
whmozemu.js
whutils.js
whproxy.js
whstub.js
whver.js
whform.js
whphost.js
whstart.js
whtopic.js
whframes.js
whlang.js
XmlReadHelper.js
whskin_info.htm
whskin_blank.htm
whskin_pickup.htm
whskin_homepage.htm
whskin_tw.htm
whnjs.htm
whthost.js
whtdhtml.htm
whihost.js
whibody.htm
whiform.htm
whfhost.js
whfbody.htm
whfform.htm
whghost.js
whgbody.htm
whgdhtml.htm
whgdef.htm
whproj.js
whproj.htm
whdata\whtoc.js
whdata\whtoc.htm
whdata\whtdata.js
whdata\whidx.js
whdata\whidx.htm
whdata\whidata.js
whdata\whglo.js
whdata\whglo.htm
whdata\whgdata.js
whgdata\whnvp30.htm
whgdata\whnvp31.htm
whgdata\whnvp32.htm
whgdata\whnvp33.htm
whgdata\whnvt30.htm
whgdata\whnvt31.htm
whgdata\whnvt32.htm
whgdata\whnvt33.htm
whgdata\whnvf30.htm
whgdata\whnvf31.htm
whgdata\whnvf32.htm
whgdata\whnvf33.htm
whgdata\whnvl31.htm
whgdata\whnvl32.htm
whgdata\whnvl33.htm
whgdata\whexpbar.gif
cshdat_webhelp.htm
whcsh_home.htm
whcshdata.js
cshdat_robohelp.htm
wht_tab0.gif
wht_tab1.gif
wht_tab2.gif
wht_tab3.gif
wht_tab4.gif
wht_tab5.gif
wht_tab6.gif
wht_tab7.gif
wht_tab8.gif
wht_glo_h.gif
wht_glo_n.gif
wht_fts_h.gif
wht_fts_n.gif
wht_idx_h.gif
wht_idx_n.gif
wht_toc_h.gif
wht_toc_n.gif
wht_ws.gif
wht_ws_g.gif
wht_logo1.gif
wht_logo2.gif
wht_abgw.jpg
wht_abgi.jpg
wht_abge.jpg
wht_abtw.jpg
wht_abte.jpg
wht_abti.jpg
wht_spac.gif
wht_next.gif
wht_next_g.gif
wht_prev.gif
wht_prev_g.gif
wht_sync.gif
wht_hide.gif
wht_go.gif
whstart.ico
whestart.ico
whrstart.ico
whidhtml.htm
whfdhtml.htm
whskin_banner.htm
whtbar.js
logo_name.png
Contents.png
Index.png
Search.png
Go(2).png
icon.png
previous-topic.png
next-topic.png
Close.png
CloseBook.png
OpenBook.png
Topic.png
whskin_pdhtml.htm
whskin_plist.htm
whskin_tbars.htm
whskin_mbars.htm
wht_toc4.gif
whskin_frmset010.htm
whst_topics.xml
whskin_frmset01.htm
English_hha.hhk
English.hhc
English.hhk
docs\en\APIReference\PCSUnitAPIs\CrossDomainAccessControl\CORS.htm
docs\en\APIReference\PCSUnitAPIs\CrossDomainAccessControl\crossdomainPolicyFile.htm
docs\en\APIReference\PCSUnitAPIs\Overview.htm
docs\en\APIReference\PCSUnitAPIs\UnitControlObjects\Cell\CellRecursiveDelete.htm
docs\en\APIReference\PCSUnitAPIs\UnitControlObjects\Cell\Create.htm
docs\en\APIReference\PCSUnitAPIs\UnitControlObjects\Cell\Delete.htm
docs\en\APIReference\PCSUnitAPIs\UnitControlObjects\Cell\Retrieve.htm
docs\en\APIReference\PCSUnitAPIs\UnitControlObjects\Cell\Search.htm
docs\en\APIReference\PCSUnitAPIs\UnitControlObjects\Cell\Update.htm
docs\en\APIReference\PersonaContainerAPIs\BoxLevelAPIs\BoxOperation\BarFileInstallationProgress.htm
docs\en\APIReference\PersonaContainerAPIs\BoxLevelAPIs\NormalWebDAVOperations\ACLConfiguration\ACLConfiguration.htm
docs\en\APIReference\PersonaContainerAPIs\BoxLevelAPIs\NormalWebDAVOperations\CollectionManipulation\collection_propfind.htm
docs\en\APIReference\PersonaContainerAPIs\BoxLevelAPIs\NormalWebDAVOperations\CollectionManipulation\collectiondelete.htm
docs\en\APIReference\PersonaContainerAPIs\BoxLevelAPIs\NormalWebDAVOperations\CollectionManipulation\collectionmkcoldavcol.htm
docs\en\APIReference\PersonaContainerAPIs\BoxLevelAPIs\NormalWebDAVOperations\CollectionManipulation\collectionproppatch.htm
docs\en\APIReference\PersonaContainerAPIs\BoxLevelAPIs\NormalWebDAVOperations\FilesManipulation\collectionpropfind.htm
docs\en\APIReference\PersonaContainerAPIs\BoxLevelAPIs\NormalWebDAVOperations\FilesManipulation\collectionproppatch.htm
docs\en\APIReference\PersonaContainerAPIs\BoxLevelAPIs\NormalWebDAVOperations\FilesManipulation\filecreate.htm
docs\en\APIReference\PersonaContainerAPIs\BoxLevelAPIs\NormalWebDAVOperations\FilesManipulation\filedelete.htm
docs\en\APIReference\PersonaContainerAPIs\BoxLevelAPIs\NormalWebDAVOperations\FilesManipulation\fileget.htm
docs\en\APIReference\PersonaContainerAPIs\BoxLevelAPIs\Overview.htm
docs\en\APIReference\PersonaContainerAPIs\BoxLevelAPIs\SpecialCollection\EngineServiceCollection\Overview.htm
docs\en\APIReference\PersonaContainerAPIs\BoxLevelAPIs\SpecialCollection\EngineServiceCollection\ServiceCollectionConfiguration\CollectionProppatchService.htm
docs\en\APIReference\PersonaContainerAPIs\BoxLevelAPIs\SpecialCollection\EngineServiceCollection\ServiceExecution\ServiceExec.htm
docs\en\APIReference\PersonaContainerAPIs\BoxLevelAPIs\SpecialCollection\EngineServiceCollection\UserLogicFilesManipulations\ServiceFileCreate.htm
docs\en\APIReference\PersonaContainerAPIs\BoxLevelAPIs\SpecialCollection\EngineServiceCollection\UserLogicFilesManipulations\ServiceFileDelete.htm
docs\en\APIReference\PersonaContainerAPIs\BoxLevelAPIs\SpecialCollection\EngineServiceCollection\UserLogicFilesManipulations\ServiceFileGet.htm
docs\en\APIReference\PersonaContainerAPIs\BoxLevelAPIs\SpecialCollection\ODataServiceCollection\AssociationEnd\AssociationEndLinks\Create.htm
docs\en\APIReference\PersonaContainerAPIs\BoxLevelAPIs\SpecialCollection\ODataServiceCollection\AssociationEnd\AssociationEndLinks\Delete.htm
docs\en\APIReference\PersonaContainerAPIs\BoxLevelAPIs\SpecialCollection\ODataServiceCollection\AssociationEnd\AssociationEndLinks\List.htm
docs\en\APIReference\PersonaContainerAPIs\BoxLevelAPIs\SpecialCollection\ODataServiceCollection\AssociationEnd\AssociationEndNavigationProperty\List.htm
docs\en\APIReference\PersonaContainerAPIs\BoxLevelAPIs\SpecialCollection\ODataServiceCollection\AssociationEnd\Create.htm
docs\en\APIReference\PersonaContainerAPIs\BoxLevelAPIs\SpecialCollection\ODataServiceCollection\AssociationEnd\Delete.htm
docs\en\APIReference\PersonaContainerAPIs\BoxLevelAPIs\SpecialCollection\ODataServiceCollection\AssociationEnd\Get.htm
docs\en\APIReference\PersonaContainerAPIs\BoxLevelAPIs\SpecialCollection\ODataServiceCollection\AssociationEnd\List.htm
docs\en\APIReference\PersonaContainerAPIs\BoxLevelAPIs\SpecialCollection\ODataServiceCollection\ComplexType\ComplexTypeLinks\Create.htm
docs\en\APIReference\PersonaContainerAPIs\BoxLevelAPIs\SpecialCollection\ODataServiceCollection\ComplexType\ComplexTypeLinks\Delete.htm
docs\en\APIReference\PersonaContainerAPIs\BoxLevelAPIs\SpecialCollection\ODataServiceCollection\ComplexType\ComplexTypeLinks\List.htm
docs\en\APIReference\PersonaContainerAPIs\BoxLevelAPIs\SpecialCollection\ODataServiceCollection\ComplexType\ComplexTypeLinks\Update.htm
docs\en\APIReference\PersonaContainerAPIs\BoxLevelAPIs\SpecialCollection\ODataServiceCollection\ComplexType\Create.htm
docs\en\APIReference\PersonaContainerAPIs\BoxLevelAPIs\SpecialCollection\ODataServiceCollection\ComplexType\Delete.htm
docs\en\APIReference\PersonaContainerAPIs\BoxLevelAPIs\SpecialCollection\ODataServiceCollection\ComplexType\Get.htm
docs\en\APIReference\PersonaContainerAPIs\BoxLevelAPIs\SpecialCollection\ODataServiceCollection\ComplexType\List.htm
docs\en\APIReference\PersonaContainerAPIs\BoxLevelAPIs\SpecialCollection\ODataServiceCollection\ComplexTypeProperty\Create.htm
docs\en\APIReference\PersonaContainerAPIs\BoxLevelAPIs\SpecialCollection\ODataServiceCollection\ComplexTypeProperty\Delete.htm
docs\en\APIReference\PersonaContainerAPIs\BoxLevelAPIs\SpecialCollection\ODataServiceCollection\ComplexTypeProperty\Get.htm
docs\en\APIReference\PersonaContainerAPIs\BoxLevelAPIs\SpecialCollection\ODataServiceCollection\ComplexTypeProperty\List.htm
docs\en\APIReference\PersonaContainerAPIs\BoxLevelAPIs\SpecialCollection\ODataServiceCollection\DataManipulation\DataManipulationLinks\userodatalinkscreate.htm
docs\en\APIReference\PersonaContainerAPIs\BoxLevelAPIs\SpecialCollection\ODataServiceCollection\DataManipulation\DataManipulationLinks\userodatalinksdelete.htm
docs\en\APIReference\PersonaContainerAPIs\BoxLevelAPIs\SpecialCollection\ODataServiceCollection\DataManipulation\DataManipulationLinks\userodatalinkslist.htm
docs\en\APIReference\PersonaContainerAPIs\BoxLevelAPIs\SpecialCollection\ODataServiceCollection\DataManipulation\DataManipulationNavigationProperty\userodatanavpropcreate.htm
docs\en\APIReference\PersonaContainerAPIs\BoxLevelAPIs\SpecialCollection\ODataServiceCollection\DataManipulation\DataManipulationNavigationProperty\userodatanavproplist.htm
docs\en\APIReference\PersonaContainerAPIs\BoxLevelAPIs\SpecialCollection\ODataServiceCollection\DataManipulation\SchemaDefinition\schemaget.htm
docs\en\APIReference\PersonaContainerAPIs\BoxLevelAPIs\SpecialCollection\ODataServiceCollection\DataManipulation\userodatabatch.htm
docs\en\APIReference\PersonaContainerAPIs\BoxLevelAPIs\SpecialCollection\ODataServiceCollection\DataManipulation\userodatacreate.htm
docs\en\APIReference\PersonaContainerAPIs\BoxLevelAPIs\SpecialCollection\ODataServiceCollection\DataManipulation\userodatadelete.htm
docs\en\APIReference\PersonaContainerAPIs\BoxLevelAPIs\SpecialCollection\ODataServiceCollection\DataManipulation\userodataget.htm
docs\en\APIReference\PersonaContainerAPIs\BoxLevelAPIs\SpecialCollection\ODataServiceCollection\DataManipulation\userodatalist.htm
docs\en\APIReference\PersonaContainerAPIs\BoxLevelAPIs\SpecialCollection\ODataServiceCollection\DataManipulation\userodatamerge.htm
docs\en\APIReference\PersonaContainerAPIs\BoxLevelAPIs\SpecialCollection\ODataServiceCollection\DataManipulation\userodataupdate.htm
docs\en\APIReference\PersonaContainerAPIs\BoxLevelAPIs\SpecialCollection\ODataServiceCollection\EntityType\Create.htm
docs\en\APIReference\PersonaContainerAPIs\BoxLevelAPIs\SpecialCollection\ODataServiceCollection\EntityType\Delete.htm
docs\en\APIReference\PersonaContainerAPIs\BoxLevelAPIs\SpecialCollection\ODataServiceCollection\EntityType\EntityTypeNavigationProperty\List.htm
docs\en\APIReference\PersonaContainerAPIs\BoxLevelAPIs\SpecialCollection\ODataServiceCollection\EntityType\EntityTypesLinks\Create.htm
docs\en\APIReference\PersonaContainerAPIs\BoxLevelAPIs\SpecialCollection\ODataServiceCollection\EntityType\EntityTypesLinks\Delete.htm
docs\en\APIReference\PersonaContainerAPIs\BoxLevelAPIs\SpecialCollection\ODataServiceCollection\EntityType\EntityTypesLinks\List.htm
docs\en\APIReference\PersonaContainerAPIs\BoxLevelAPIs\SpecialCollection\ODataServiceCollection\EntityType\EntityTypesLinks\Update.htm
docs\en\APIReference\PersonaContainerAPIs\BoxLevelAPIs\SpecialCollection\ODataServiceCollection\EntityType\Get.htm
docs\en\APIReference\PersonaContainerAPIs\BoxLevelAPIs\SpecialCollection\ODataServiceCollection\EntityType\List.htm
docs\en\APIReference\PersonaContainerAPIs\BoxLevelAPIs\SpecialCollection\ODataServiceCollection\EntityType\Update.htm
docs\en\APIReference\PersonaContainerAPIs\BoxLevelAPIs\SpecialCollection\ODataServiceCollection\Overview.htm
docs\en\APIReference\PersonaContainerAPIs\BoxLevelAPIs\SpecialCollection\ODataServiceCollection\Property\Create.htm
docs\en\APIReference\PersonaContainerAPIs\BoxLevelAPIs\SpecialCollection\ODataServiceCollection\Property\Delete.htm
docs\en\APIReference\PersonaContainerAPIs\BoxLevelAPIs\SpecialCollection\ODataServiceCollection\Property\Get.htm
docs\en\APIReference\PersonaContainerAPIs\BoxLevelAPIs\SpecialCollection\ODataServiceCollection\Property\List.htm
docs\en\APIReference\PersonaContainerAPIs\BoxLevelAPIs\SpecialCollection\ODataServiceCollection\Property\PropertyLinks\Create.htm
docs\en\APIReference\PersonaContainerAPIs\BoxLevelAPIs\SpecialCollection\ODataServiceCollection\Property\PropertyLinks\Delete.htm
docs\en\APIReference\PersonaContainerAPIs\BoxLevelAPIs\SpecialCollection\ODataServiceCollection\Property\PropertyLinks\List.htm
docs\en\APIReference\PersonaContainerAPIs\BoxLevelAPIs\SpecialCollection\ODataServiceCollection\SchemaDefinition\userodataschemaschema.htm
docs\en\APIReference\PersonaContainerAPIs\BoxLevelAPIs\SpecialCollection\ODataServiceCollection\SchemaDefinition\userodataschemaservicedocument.htm
docs\en\APIReference\PersonaContainerAPIs\BoxLevelAPIs\SpecialCollection\ODataServiceCollection\SchemaLinkAPIs\LinkCreate.htm
docs\en\APIReference\PersonaContainerAPIs\BoxLevelAPIs\SpecialCollection\ODataServiceCollection\SchemaLinkAPIs\LinkDelete.htm
docs\en\APIReference\PersonaContainerAPIs\BoxLevelAPIs\SpecialCollection\ODataServiceCollection\SchemaLinkAPIs\LinkList.htm
docs\en\APIReference\PersonaContainerAPIs\CellLevelAPIs\AccessControl\CellACL.htm
docs\en\APIReference\PersonaContainerAPIs\CellLevelAPIs\AccessControl\CellPROPFIND.htm
docs\en\APIReference\PersonaContainerAPIs\CellLevelAPIs\AccessControl\CellPROPPATCH.htm
docs\en\APIReference\PersonaContainerAPIs\CellLevelAPIs\Authentication\authproppatch.htm
docs\en\APIReference\PersonaContainerAPIs\CellLevelAPIs\Authentication\OAuth2AuthorizationEndpoint.htm
docs\en\APIReference\PersonaContainerAPIs\CellLevelAPIs\Authentication\OAuth2TokenEndpoint.htm
docs\en\APIReference\PersonaContainerAPIs\CellLevelAPIs\Authentication\PasswordChange.htm
docs\en\APIReference\PersonaContainerAPIs\CellLevelAPIs\BoxManipulation\BarFile.htm
docs\en\APIReference\PersonaContainerAPIs\CellLevelAPIs\BoxManipulation\BoxInstallation.htm
docs\en\APIReference\PersonaContainerAPIs\CellLevelAPIs\BoxManipulation\GetBoxURL.htm
docs\en\APIReference\PersonaContainerAPIs\CellLevelAPIs\CellControlObjects\Account\AccountCreate.htm
docs\en\APIReference\PersonaContainerAPIs\CellLevelAPIs\CellControlObjects\Account\AccountDelete.htm
docs\en\APIReference\PersonaContainerAPIs\CellLevelAPIs\CellControlObjects\Account\AccountLink\AccountLinkCreate.htm
docs\en\APIReference\PersonaContainerAPIs\CellLevelAPIs\CellControlObjects\Account\AccountLink\AccountLinkDelete.htm
docs\en\APIReference\PersonaContainerAPIs\CellLevelAPIs\CellControlObjects\Account\AccountLink\AccountLinkList.htm
docs\en\APIReference\PersonaContainerAPIs\CellLevelAPIs\CellControlObjects\Account\AccountLink\AccountLinkUpdate.htm
docs\en\APIReference\PersonaContainerAPIs\CellLevelAPIs\CellControlObjects\Account\AccountNavigationProperty\AccountNavPropCreate.htm
docs\en\APIReference\PersonaContainerAPIs\CellLevelAPIs\CellControlObjects\Account\AccountNavigationProperty\AccountNavPropList.htm
docs\en\APIReference\PersonaContainerAPIs\CellLevelAPIs\CellControlObjects\Account\AccountRetrieve.htm
docs\en\APIReference\PersonaContainerAPIs\CellLevelAPIs\CellControlObjects\Account\AccountSearch.htm
docs\en\APIReference\PersonaContainerAPIs\CellLevelAPIs\CellControlObjects\Account\AccountUpdate.htm
docs\en\APIReference\PersonaContainerAPIs\CellLevelAPIs\CellControlObjects\Box\BoxCreate.htm
docs\en\APIReference\PersonaContainerAPIs\CellLevelAPIs\CellControlObjects\Box\BoxDelete.htm
docs\en\APIReference\PersonaContainerAPIs\CellLevelAPIs\CellControlObjects\Box\BoxLink\BoxLinkCreate.htm
docs\en\APIReference\PersonaContainerAPIs\CellLevelAPIs\CellControlObjects\Box\BoxLink\BoxLinkDelete.htm
docs\en\APIReference\PersonaContainerAPIs\CellLevelAPIs\CellControlObjects\Box\BoxLink\BoxLinkList.htm
docs\en\APIReference\PersonaContainerAPIs\CellLevelAPIs\CellControlObjects\Box\BoxLink\BoxLinkUpdate.htm
docs\en\APIReference\PersonaContainerAPIs\CellLevelAPIs\CellControlObjects\Box\BoxLinkNavigationProperty\BoxLinkNavPropCreate.htm
docs\en\APIReference\PersonaContainerAPIs\CellLevelAPIs\CellControlObjects\Box\BoxLinkNavigationProperty\BoxLinkNavPropList.htm
docs\en\APIReference\PersonaContainerAPIs\CellLevelAPIs\CellControlObjects\Box\BoxRetrive.htm
docs\en\APIReference\PersonaContainerAPIs\CellLevelAPIs\CellControlObjects\Box\BoxSearch.htm
docs\en\APIReference\PersonaContainerAPIs\CellLevelAPIs\CellControlObjects\Box\BoxUpdate.htm
docs\en\APIReference\PersonaContainerAPIs\CellLevelAPIs\CellControlObjects\ExternalCell\ExtCellCreate.htm
docs\en\APIReference\PersonaContainerAPIs\CellLevelAPIs\CellControlObjects\ExternalCell\ExtCellDelete.htm
docs\en\APIReference\PersonaContainerAPIs\CellLevelAPIs\CellControlObjects\ExternalCell\ExtCellGet.htm
docs\en\APIReference\PersonaContainerAPIs\CellLevelAPIs\CellControlObjects\ExternalCell\ExtCellList.htm
docs\en\APIReference\PersonaContainerAPIs\CellLevelAPIs\CellControlObjects\ExternalCell\ExtCellUpdate.htm
docs\en\APIReference\PersonaContainerAPIs\CellLevelAPIs\CellControlObjects\ExternalCell\ExternalCellLink\ExtCellLinkCreate.htm
docs\en\APIReference\PersonaContainerAPIs\CellLevelAPIs\CellControlObjects\ExternalCell\ExternalCellLink\ExtCellLinkDelete.htm
docs\en\APIReference\PersonaContainerAPIs\CellLevelAPIs\CellControlObjects\ExternalCell\ExternalCellLink\ExtCellLinkList.htm
docs\en\APIReference\PersonaContainerAPIs\CellLevelAPIs\CellControlObjects\ExternalCell\ExternalCellLink\ExtCellLinkUpdate.htm
docs\en\APIReference\PersonaContainerAPIs\CellLevelAPIs\CellControlObjects\ExternalCell\ExternalCellNavigationProperty\ExtCellNavPropCreate.htm
docs\en\APIReference\PersonaContainerAPIs\CellLevelAPIs\CellControlObjects\ExternalCell\ExternalCellNavigationProperty\ExtCellNavPropList.htm
docs\en\APIReference\PersonaContainerAPIs\CellLevelAPIs\CellControlObjects\ExternalRole\ExternalRoleLink\ExtRoleLinkCreate.htm
docs\en\APIReference\PersonaContainerAPIs\CellLevelAPIs\CellControlObjects\ExternalRole\ExternalRoleLink\ExtRoleLinkDelete.htm
docs\en\APIReference\PersonaContainerAPIs\CellLevelAPIs\CellControlObjects\ExternalRole\ExternalRoleLink\ExtRoleLinkList.htm
docs\en\APIReference\PersonaContainerAPIs\CellLevelAPIs\CellControlObjects\ExternalRole\ExternalRoleLink\ExtRoleLinkUpdate.htm
docs\en\APIReference\PersonaContainerAPIs\CellLevelAPIs\CellControlObjects\ExternalRole\ExternalRoleNavigationProperty\ExtRoleNavPropCreate.htm
docs\en\APIReference\PersonaContainerAPIs\CellLevelAPIs\CellControlObjects\ExternalRole\ExternalRoleNavigationProperty\ExtRoleNavPropList.htm
docs\en\APIReference\PersonaContainerAPIs\CellLevelAPIs\CellControlObjects\ExternalRole\ExtRoleCreate.htm
docs\en\APIReference\PersonaContainerAPIs\CellLevelAPIs\CellControlObjects\ExternalRole\ExtRoleDelete.htm
docs\en\APIReference\PersonaContainerAPIs\CellLevelAPIs\CellControlObjects\ExternalRole\ExtRoleGet.htm
docs\en\APIReference\PersonaContainerAPIs\CellLevelAPIs\CellControlObjects\ExternalRole\ExtRoleList.htm
docs\en\APIReference\PersonaContainerAPIs\CellLevelAPIs\CellControlObjects\ExternalRole\ExtRoleUpdate.htm
docs\en\APIReference\PersonaContainerAPIs\CellLevelAPIs\CellControlObjects\ODataSchema\AtomPubServiceDocument.htm
docs\en\APIReference\PersonaContainerAPIs\CellLevelAPIs\CellControlObjects\ODataSchema\EDMX.htm
docs\en\APIReference\PersonaContainerAPIs\CellLevelAPIs\CellControlObjects\ReceivedMessage\InmessageApprove.htm
docs\en\APIReference\PersonaContainerAPIs\CellLevelAPIs\CellControlObjects\ReceivedMessage\InmessageDelete.htm
docs\en\APIReference\PersonaContainerAPIs\CellLevelAPIs\CellControlObjects\ReceivedMessage\InmessageGet.htm
docs\en\APIReference\PersonaContainerAPIs\CellLevelAPIs\CellControlObjects\ReceivedMessage\InmessageList.htm
docs\en\APIReference\PersonaContainerAPIs\CellLevelAPIs\CellControlObjects\Relation\RelationLink\RelLinkCreate.htm
docs\en\APIReference\PersonaContainerAPIs\CellLevelAPIs\CellControlObjects\Relation\RelationLink\RelLinkDelete.htm
docs\en\APIReference\PersonaContainerAPIs\CellLevelAPIs\CellControlObjects\Relation\RelationLink\RelLinkRetrieve.htm
docs\en\APIReference\PersonaContainerAPIs\CellLevelAPIs\CellControlObjects\Relation\RelationLink\RelLinkUpdate.htm
docs\en\APIReference\PersonaContainerAPIs\CellLevelAPIs\CellControlObjects\Relation\RelationLinkNavigationProperty\RelLinkNavPropCreate.htm
docs\en\APIReference\PersonaContainerAPIs\CellLevelAPIs\CellControlObjects\Relation\RelationLinkNavigationProperty\RelLinkNavPropList.htm
docs\en\APIReference\PersonaContainerAPIs\CellLevelAPIs\CellControlObjects\Relation\RelCreate.htm
docs\en\APIReference\PersonaContainerAPIs\CellLevelAPIs\CellControlObjects\Relation\RelDelete.htm
docs\en\APIReference\PersonaContainerAPIs\CellLevelAPIs\CellControlObjects\Relation\RelRetrieve.htm
docs\en\APIReference\PersonaContainerAPIs\CellLevelAPIs\CellControlObjects\Relation\RelSearch.htm
docs\en\APIReference\PersonaContainerAPIs\CellLevelAPIs\CellControlObjects\Relation\RelUpdate.htm
docs\en\APIReference\PersonaContainerAPIs\CellLevelAPIs\CellControlObjects\Role\RoleCreate.htm
docs\en\APIReference\PersonaContainerAPIs\CellLevelAPIs\CellControlObjects\Role\RoleDelete.htm
docs\en\APIReference\PersonaContainerAPIs\CellLevelAPIs\CellControlObjects\Role\RoleLink\RoleLinkCreate.htm
docs\en\APIReference\PersonaContainerAPIs\CellLevelAPIs\CellControlObjects\Role\RoleLink\RoleLinkDelete.htm
docs\en\APIReference\PersonaContainerAPIs\CellLevelAPIs\CellControlObjects\Role\RoleLink\RoleLinkList.htm
docs\en\APIReference\PersonaContainerAPIs\CellLevelAPIs\CellControlObjects\Role\RoleLink\RoleLinkUpdate.htm
docs\en\APIReference\PersonaContainerAPIs\CellLevelAPIs\CellControlObjects\Role\RoleNavigationProperty\RoleNavPropCreate.htm
docs\en\APIReference\PersonaContainerAPIs\CellLevelAPIs\CellControlObjects\Role\RoleNavigationProperty\RoleNavPropList.htm
docs\en\APIReference\PersonaContainerAPIs\CellLevelAPIs\CellControlObjects\Role\RoleRetrieve.htm
docs\en\APIReference\PersonaContainerAPIs\CellLevelAPIs\CellControlObjects\Role\RoleSearch.htm
docs\en\APIReference\PersonaContainerAPIs\CellLevelAPIs\CellControlObjects\Role\RoleUpdate.htm
docs\en\APIReference\PersonaContainerAPIs\CellLevelAPIs\CellControlObjects\SentMessage\OutmessagDelete.htm
docs\en\APIReference\PersonaContainerAPIs\CellLevelAPIs\CellControlObjects\SentMessage\OutmessageGet.htm
docs\en\APIReference\PersonaContainerAPIs\CellLevelAPIs\CellControlObjects\SentMessage\OutmessageList.htm
docs\en\APIReference\PersonaContainerAPIs\CellLevelAPIs\CellLevelAPIOverview.htm
docs\en\APIReference\PersonaContainerAPIs\CellLevelAPIs\Event\EventLogging\FileLoggingAPI.htm
docs\en\APIReference\PersonaContainerAPIs\CellLevelAPIs\Event\EventLogging\Logfile_list_retrieve.htm
docs\en\APIReference\PersonaContainerAPIs\CellLevelAPIs\Event\EventLogging\LogfileDelete.htm
docs\en\APIReference\PersonaContainerAPIs\CellLevelAPIs\Event\EventLogging\LogfilePropfind.htm
docs\en\APIReference\PersonaContainerAPIs\CellLevelAPIs\Event\EventManipulation\EventReceptionAPI.htm
docs\en\APIReference\PersonaContainerAPIs\CellLevelAPIs\Event\EventOverview.htm
docs\en\APIReference\PersonaContainerAPIs\CellLevelAPIs\Messaging\SendingMessage.htm
docs\en\APIReference\PersonaContainerAPIs\CommonSpecification\CrossDomainAccessControl\CORS.htm
docs\en\APIReference\PersonaContainerAPIs\CommonSpecification\CrossDomainAccessControl\crossdomainPolicyFiles.htm
docs\en\APIReference\PersonaContainerAPIs\CommonSpecification\Limitations\APICommonLimit.htm
docs\en\APIReference\PersonaContainerAPIs\PCAPIOverview.htm
docs\en\Appendix\CommonAPIs\ExpandQuery.htm
docs\en\Appendix\CommonAPIs\FilterQuery.htm
docs\en\Appendix\CommonAPIs\FormatQuery.htm
docs\en\Appendix\CommonAPIs\FullTextSearchQuery.htm
docs\en\Appendix\CommonAPIs\InlinecountQuery.htm
docs\en\Appendix\CommonAPIs\OrderbyQuery.htm
docs\en\Appendix\CommonAPIs\SelectQuery.htm
docs\en\Appendix\CommonAPIs\SkipQuery.htm
docs\en\Appendix\CommonAPIs\TopQuery.htm
docs\en\Appendix\ErrorMessages.htm
docs\en\Glossary.htm
docs\WelcometoPCSDocumentation.htm
prettify.js
English.glo
default.css
Images\OData1.png
Images\RolewithRelation.gif
Images\RoleClassandRoleInstance.gif
Images\LinkingCellControlObjects.gif
Images\authform.JPG
Images\RolewithExtCell.gif
Images\PersonnaMultiplicity.gif
Images\Printer.png
note.png
Description.PNG
Images\RolewithExtRole.gif
Images\SuppliersModel.png
Images\multipleties.gif
RoboHHRE.lng
ehlpdhtm.js
English.ppf
SearchOptions.xml
whxdata\package_0_xml.js
whxdata\package_1_xml.js
whxdata\package_2_xml.js
whxdata\package_3_xml.js
whxdata\package_4_xml.js
whxdata\package_5_xml.js
whxdata\package_6_xml.js
whxdata\package_7_xml.js
whxdata\package_8_xml.js
whxdata\package_9_xml.js
whxdata\package_10_xml.js
whxdata\package_11_xml.js
whxdata\package_12_xml.js
whxdata\package_13_xml.js
whxdata\package_14_xml.js
whxdata\package_15_xml.js
whxdata\package_16_xml.js
whxdata\package_17_xml.js
whxdata\package_18_xml.js
whxdata\package_19_xml.js
whxdata\package_20_xml.js
whxdata\package_21_xml.js
whxdata\package_22_xml.js
whxdata\package_23_xml.js
whxdata\package_24_xml.js
whxdata\package_25_xml.js
whxdata\package_26_xml.js
whxdata\package_27_xml.js
whxdata\package_28_xml.js
whxdata\package_29_xml.js
whxdata\package_30_xml.js
whxdata\package_31_xml.js
whxdata\package_32_xml.js
whxdata\package_33_xml.js
whxdata\package_34_xml.js
whxdata\package_35_xml.js
whxdata\package_36_xml.js
whxdata\package_37_xml.js
whxdata\package_38_xml.js
whxdata\package_39_xml.js
whxdata\package_40_xml.js
whxdata\package_41_xml.js
whxdata\package_42_xml.js
whxdata\package_43_xml.js
whxdata\package_44_xml.js
whxdata\package_45_xml.js
whxdata\package_46_xml.js
whxdata\package_47_xml.js
whxdata\package_48_xml.js
whxdata\package_49_xml.js
whxdata\package_50_xml.js
whxdata\package_51_xml.js
whxdata\package_52_xml.js
whxdata\package_53_xml.js
whxdata\package_54_xml.js
whxdata\package_55_xml.js
whxdata\package_56_xml.js
whxdata\package_57_xml.js
whxdata\package_58_xml.js
whxdata\package_59_xml.js
whxdata\package_60_xml.js
whxdata\package_61_xml.js
whxdata\package_62_xml.js
whxdata\package_63_xml.js
whxdata\package_64_xml.js
whxdata\package_65_xml.js
whxdata\package_66_xml.js
whxdata\package_67_xml.js
whxdata\package_68_xml.js
whxdata\package_69_xml.js
whxdata\package_70_xml.js
whxdata\package_71_xml.js
whxdata\package_72_xml.js
whxdata\package_73_xml.js
whxdata\package_74_xml.js
whxdata\package_75_xml.js
whxdata\package_76_xml.js
whxdata\package_77_xml.js
whxdata\package_78_xml.js
whxdata\package_79_xml.js
whxdata\package_80_xml.js
whxdata\package_81_xml.js
whxdata\package_82_xml.js
whxdata\package_83_xml.js
whxdata\package_84_xml.js
whxdata\package_85_xml.js
whxdata\package_86_xml.js
whxdata\package_87_xml.js
whxdata\package_88_xml.js
whxdata\package_89_xml.js
whxdata\package_90_xml.js
whxdata\package_91_xml.js
whxdata\package_92_xml.js
whxdata\package_93_xml.js
whxdata\package_94_xml.js
whxdata\package_95_xml.js
whxdata\package_96_xml.js
whxdata\package_97_xml.js
whxdata\package_98_xml.js
whxdata\package_99_xml.js
whxdata\package_100_xml.js
whxdata\package_101_xml.js
whxdata\package_102_xml.js
whxdata\package_103_xml.js
whxdata\package_104_xml.js
whxdata\package_105_xml.js
whxdata\package_106_xml.js
whxdata\package_107_xml.js
whxdata\package_108_xml.js
whxdata\package_109_xml.js
whxdata\package_110_xml.js
whxdata\package_111_xml.js
whxdata\package_112_xml.js
whxdata\package_113_xml.js
whxdata\package_114_xml.js
whxdata\package_115_xml.js
whxdata\package_116_xml.js
whxdata\package_117_xml.js
whxdata\package_118_xml.js
whxdata\package_119_xml.js
whxdata\package_120_xml.js
whxdata\package_121_xml.js
whxdata\package_122_xml.js
whxdata\package_123_xml.js
whxdata\package_124_xml.js
whxdata\package_125_xml.js
whxdata\package_126_xml.js
whxdata\package_127_xml.js
whxdata\package_128_xml.js
whxdata\package_129_xml.js
whxdata\package_130_xml.js
whxdata\package_131_xml.js
whxdata\package_132_xml.js
whxdata\package_133_xml.js
whxdata\package_134_xml.js
whxdata\package_135_xml.js
whxdata\package_136_xml.js
whxdata\package_137_xml.js
whxdata\package_138_xml.js
whxdata\package_139_xml.js
whxdata\package_140_xml.js
whxdata\package_141_xml.js
whxdata\package_142_xml.js
whxdata\package_143_xml.js
whxdata\package_144_xml.js
whxdata\package_145_xml.js
whxdata\package_146_xml.js
whxdata\package_147_xml.js
whxdata\package_148_xml.js
whxdata\package_149_xml.js
whxdata\package_150_xml.js
whxdata\package_151_xml.js
whxdata\package_152_xml.js
whxdata\package_153_xml.js
whxdata\package_154_xml.js
whxdata\package_155_xml.js
whxdata\package_156_xml.js
whxdata\package_157_xml.js
whxdata\package_158_xml.js
whxdata\package_159_xml.js
whxdata\package_160_xml.js
whxdata\package_161_xml.js
whxdata\package_162_xml.js
whxdata\package_163_xml.js
whxdata\package_164_xml.js
whxdata\package_165_xml.js
whxdata\package_166_xml.js
whxdata\package_167_xml.js
whxdata\package_168_xml.js
whxdata\package_169_xml.js
whxdata\package_170_xml.js
whxdata\package_171_xml.js
whxdata\package_172_xml.js
whxdata\package_173_xml.js
whxdata\package_174_xml.js
whxdata\package_175_xml.js
whxdata\package_176_xml.js
whxdata\package_177_xml.js
whxdata\package_178_xml.js
whxdata\package_179_xml.js
whxdata\package_180_xml.js
whxdata\package_181_xml.js
whxdata\package_182_xml.js
whxdata\package_183_xml.js
whxdata\package_184_xml.js
whxdata\package_185_xml.js
whxdata\package_186_xml.js
whxdata\package_187_xml.js
whxdata\package_188_xml.js
whxdata\package_189_xml.js
whxdata\package_190_xml.js
whxdata\package_191_xml.js
whxdata\package_192_xml.js
whxdata\package_193_xml.js
whxdata\package_194_xml.js
whxdata\package_195_xml.js
whxdata\package_196_xml.js
whxdata\package_197_xml.js
whxdata\package_198_xml.js
whxdata\package_199_xml.js
whxdata\package_200_xml.js
whxdata\package_201_xml.js
whxdata\package_202_xml.js
whxdata\package_203_xml.js
whxdata\package_204_xml.js
whxdata\package_205_xml.js
whxdata\package_206_xml.js
whxdata\package_207_xml.js
whxdata\package_208_xml.js
whxdata\package_209_xml.js
whxdata\package_210_xml.js
whxdata\package_211_xml.js
whxdata\package_212_xml.js
whxdata\package_213_xml.js
whxdata\package_214_xml.js
whxdata\package_215_xml.js
whxdata\package_216_xml.js
whxdata\package_217_xml.js
whxdata\package_218_xml.js
whxdata\package_219_xml.js
whxdata\package_220_xml.js
whxdata\package_221_xml.js
whxdata\package_222_xml.js
whxdata\package_223_xml.js
whxdata\package_224_xml.js
whxdata\package_225_xml.js
whxdata\package_226_xml.js
whxdata\package_227_xml.js
whxdata\package_228_xml.js
whxdata\package_229_xml.js
whxdata\package_230_xml.js
whxdata\package_231_xml.js
whxdata\package_232_xml.js
whxdata\package_233_xml.js
whxdata\package_234_xml.js
whxdata\package_235_xml.js
whxdata\package_236_xml.js
whxdata\package_237_xml.js
whxdata\package_238_xml.js
whxdata\package_239_xml.js
whxdata\package_240_xml.js
whxdata\package_241_xml.js
whxdata\package_242_xml.js
whxdata\package_243_xml.js
whxdata\package_244_xml.js
whxdata\package_245_xml.js
whxdata\package_246_xml.js
whxdata\package_247_xml.js
whxdata\package_248_xml.js
whxdata\package_249_xml.js
whxdata\package_250_xml.js
whxdata\package_251_xml.js
whxdata\package_252_xml.js
whxdata\package_253_xml.js
whxdata\package_254_xml.js
whxdata\package_255_xml.js
whxdata\package_256_xml.js
whxdata\package_257_xml.js
whxdata\package_258_xml.js
whxdata\package_259_xml.js
whxdata\package_260_xml.js
whxdata\package_261_xml.js
whxdata\package_262_xml.js
whxdata\package_263_xml.js
whxdata\package_264_xml.js
whxdata\package_265_xml.js
whxdata\package_266_xml.js
whxdata\package_267_xml.js
whxdata\package_268_xml.js
whxdata\package_269_xml.js
whxdata\package_270_xml.js
whxdata\package_271_xml.js
whxdata\package_272_xml.js
whxdata\package_273_xml.js
whxdata\package_274_xml.js
whxdata\package_275_xml.js
whxdata\package_276_xml.js
whxdata\package_277_xml.js
whxdata\package_278_xml.js
whxdata\package_279_xml.js
whxdata\package_280_xml.js
whxdata\package_281_xml.js
whxdata\package_282_xml.js
whxdata\package_283_xml.js
whxdata\package_284_xml.js
whxdata\package_285_xml.js
whxdata\package_286_xml.js
whxdata\package_287_xml.js
whxdata\package_288_xml.js
whxdata\package_289_xml.js
whxdata\package_290_xml.js
whxdata\package_291_xml.js
whxdata\package_292_xml.js
whxdata\package_293_xml.js
whxdata\package_294_xml.js
whxdata\package_295_xml.js
whxdata\package_296_xml.js
whxdata\package_297_xml.js
whxdata\package_298_xml.js
whxdata\package_299_xml.js
whxdata\package_300_xml.js
whxdata\package_301_xml.js
whxdata\package_302_xml.js
whxdata\package_303_xml.js
whxdata\package_304_xml.js
whxdata\package_305_xml.js
whxdata\package_306_xml.js
whxdata\package_307_xml.js
whxdata\package_308_xml.js
whxdata\package_309_xml.js
whxdata\package_310_xml.js
whxdata\package_311_xml.js
whxdata\package_312_xml.js
whxdata\package_313_xml.js
whxdata\package_314_xml.js
whxdata\package_315_xml.js
whxdata\packageindex_xml.js
whxdata\synonym.xml
whxdata\synonym_xml.js
whxdata\topictable_0_xml.js
whxdata\topictable_1_xml.js
whxdata\topictable_2_xml.js
whxdata\topictable_3_xml.js
whxdata\topictable_4_xml.js
whxdata\topictableindex_xml.js
whxdata\whfts.xml
whxdata\whfts_xml.js
whproj_xml.js
whxdata\whtoc_xml.js
whxdata\whidx_xml.js
whxdata\whglo_xml.js
resource\resource_xml.js
whbrs_xml.js
whres_xml.js
whcsh_xml.js
whxdata\whtdata0_xml.js
whxdata\whtdata1_xml.js
whxdata\whtdata2_xml.js
whxdata\whtdata3_xml.js
whxdata\whtdata4_xml.js
whxdata\whtdata5_xml.js
whxdata\whtdata6_xml.js
whxdata\whtdata7_xml.js
whxdata\whtdata8_xml.js
whxdata\whidata0_xml.js
whdata\whtdata0.htm
whdata\whtdata1.htm
whdata\whtdata2.htm
whdata\whtdata3.htm
whdata\whtdata4.htm
whdata\whtdata5.htm
whdata\whtdata6.htm
whdata\whtdata7.htm
whdata\whtdata8.htm
whdata\whidata0.htm
whgdata\whlstt0.htm
whgdata\whlstt1.htm
whgdata\whlstt2.htm
whgdata\whlstt3.htm
whgdata\whlstt4.htm
whgdata\whlstt5.htm
whgdata\whlstt6.htm
whgdata\whlstt7.htm
whgdata\whlstt8.htm
whgdata\whlstt9.htm
whgdata\whlstt10.htm
whgdata\whlstt11.htm
whgdata\whlstt12.htm
whgdata\whlstt13.htm
whgdata\whlstt14.htm
whgdata\whlstt15.htm
whgdata\whlstt16.htm
whgdata\whlstt17.htm
whgdata\whlstt18.htm
whgdata\whlstt19.htm
whgdata\whlstt20.htm
whgdata\whlstt21.htm
whgdata\whlstt22.htm
whgdata\whlstt23.htm
whgdata\whlstt24.htm
whgdata\whlstt25.htm
whgdata\whlstt26.htm
whgdata\whlstt27.htm
whgdata\whlstt28.htm
whgdata\whlstt29.htm
whgdata\whlstt30.htm
whgdata\whlstt31.htm
whgdata\whlstt32.htm
whgdata\whlstt33.htm
whgdata\whlstt34.htm
whgdata\whlstt35.htm
whgdata\whlstt36.htm
whgdata\whlstt37.htm
whgdata\whlstt38.htm
whgdata\whlstt39.htm
whgdata\whlstt40.htm
whgdata\whlstt41.htm
whgdata\whlstt42.htm
whgdata\whlstt43.htm
whgdata\whlstt44.htm
whgdata\whlstt45.htm
whgdata\whlstt46.htm
whgdata\whlstt47.htm
whgdata\whlstt48.htm
whgdata\whlstt49.htm
whgdata\whlstt50.htm
whgdata\whlstt51.htm
whgdata\whlstt52.htm
whgdata\whlstt53.htm
whgdata\whlstt54.htm
whgdata\whlstt55.htm
whgdata\whlstt56.htm
whgdata\whlstt57.htm
whgdata\whlstt58.htm
whgdata\whlstt59.htm
whgdata\whlstt60.htm
whgdata\whlstt61.htm
whgdata\whlstt62.htm
whgdata\whlstt63.htm
whgdata\whlstt64.htm
whgdata\whlstt65.htm
whgdata\whlstt66.htm
whgdata\whlstt67.htm
whgdata\whlstt68.htm
whgdata\whlsti0.htm
whgdata\whlstfl0.htm
whgdata\whlstfl1.htm
whgdata\whlstfl2.htm
whgdata\whlstfl3.htm
whgdata\whlstfl4.htm
whgdata\whlstfl5.htm
whgdata\whlstfl6.htm
whgdata\whlstfl7.htm
whgdata\whlstfl8.htm
whgdata\whlstfl9.htm
whgdata\whlstfl10.htm
whgdata\whlstfl11.htm
whgdata\whlstfl12.htm
whgdata\whlstfl13.htm
whgdata\whlstfl14.htm
whgdata\whlstfl15.htm
whgdata\whlstfl16.htm
whgdata\whlstfl17.htm
whgdata\whlstfl18.htm
whgdata\whlstfl19.htm
whgdata\whlstfl20.htm
whgdata\whlstfl21.htm
whgdata\whlstfl22.htm
whgdata\whlstfl23.htm
whgdata\whlstfl24.htm
whgdata\whlstfl25.htm
whgdata\whlstf0.htm
whgdata\whlstf1.htm
whgdata\whlstf2.htm
whgdata\whlstf3.htm
whgdata\whlstf4.htm
whgdata\whlstf5.htm
whgdata\whlstf6.htm
whgdata\whlstf7.htm
whgdata\whlstf8.htm
whgdata\whlstf9.htm
whgdata\whlstf10.htm
whgdata\whlstf11.htm
whgdata\whlstf12.htm
whgdata\whlstf13.htm
whgdata\whlstf14.htm
whgdata\whlstf15.htm
whgdata\whlstf16.htm
whgdata\whlstf17.htm
whgdata\whlstf18.htm
whgdata\whlstf19.htm
whgdata\whlstf20.htm
whgdata\whlstf21.htm
whgdata\whlstf22.htm
whgdata\whlstf23.htm
whgdata\whlstf24.htm
whgdata\whlstf25.htm
whgdata\whlstf26.htm
whgdata\whlstf27.htm
whgdata\whlstf28.htm
whgdata\whlstf29.htm
whgdata\whlstf30.htm
whgdata\whlstf31.htm
whgdata\whlstf32.htm
whgdata\whlstf33.htm
whgdata\whlstf34.htm
whgdata\whlstf35.htm
whgdata\whlstf36.htm
whgdata\whlstf37.htm
whgdata\whlstf38.htm
whgdata\whlstf39.htm
whgdata\whlstf40.htm
whgdata\whlstf41.htm
whgdata\whlstf42.htm
whgdata\whlstf43.htm
whgdata\whlstf44.htm
whgdata\whlstf45.htm
whgdata\whlstf46.htm
whgdata\whlstf47.htm
whgdata\whlstf48.htm
whgdata\whlstf49.htm
whgdata\whlstf50.htm
whgdata\whlstf51.htm
whgdata\whlstf52.htm
whgdata\whlstf53.htm
whgdata\whlstf54.htm
whgdata\whlstf55.htm
whgdata\whlstf56.htm
whgdata\whlstf57.htm
whgdata\whlstf58.htm
whgdata\whlstf59.htm
whgdata\whlstf60.htm
whgdata\whlstf61.htm
whgdata\whlstf62.htm
whgdata\whlstf63.htm
whgdata\whlstf64.htm
whgdata\whlstf65.htm
whgdata\whlstf66.htm
whgdata\whlstf67.htm
whgdata\whlstf68.htm
whgdata\whlstf69.htm
whgdata\whlstf70.htm
whgdata\whlstf71.htm
whgdata\whlstf72.htm
whgdata\whlstf73.htm
whgdata\whlstf74.htm
whgdata\whlstf75.htm
whgdata\whlstf76.htm
whgdata\whlstf77.htm
whgdata\whlstf78.htm
whgdata\whlstf79.htm
whgdata\whlstf80.htm
whgdata\whlstf81.htm
whgdata\whlstf82.htm
whgdata\whlstf83.htm
whgdata\whlstf84.htm
whgdata\whlstf85.htm
whgdata\whlstf86.htm
whgdata\whlstf87.htm
whgdata\whlstf88.htm
whgdata\whlstf89.htm
whgdata\whlstf90.htm
whgdata\whlstf91.htm
whgdata\whlstf92.htm
whgdata\whlstf93.htm
whgdata\whlstf94.htm
whgdata\whlstf95.htm
whgdata\whlstf96.htm
whgdata\whlstf97.htm
whgdata\whlstf98.htm
whgdata\whlstf99.htm
whgdata\whlstf100.htm
whgdata\whlstf101.htm
whgdata\whlstf102.htm
whgdata\whlstf103.htm
whgdata\whlstf104.htm
whgdata\whlstf105.htm
whgdata\whlstf106.htm
whgdata\whlstf107.htm
whgdata\whlstf108.htm
whgdata\whlstf109.htm
whgdata\whlstf110.htm
whgdata\whlstf111.htm
whgdata\whlstf112.htm
whgdata\whlstf113.htm
whgdata\whlstf114.htm
whgdata\whlstf115.htm
whgdata\whlstf116.htm
whgdata\whlstf117.htm
whgdata\whlstf118.htm
whgdata\whlstf119.htm
whgdata\whlstf120.htm
whgdata\whlstf121.htm
whgdata\whlstf122.htm
whgdata\whlstf123.htm
whgdata\whlstf124.htm
whgdata\whlstf125.htm
whgdata\whlstf126.htm
whgdata\whlstf127.htm
whgdata\whlstf128.htm
whgdata\whlstf129.htm
whgdata\whlstf130.htm
whgdata\whlstf131.htm
whgdata\whlstf132.htm
whgdata\whlstf133.htm
whgdata\whlstf134.htm
whgdata\whlstf135.htm
whgdata\whlstf136.htm
whgdata\whlstf137.htm
whgdata\whlstf138.htm
whgdata\whlstf139.htm
whgdata\whlstf140.htm
whgdata\whlstf141.htm
whgdata\whlstf142.htm
whgdata\whlstf143.htm
whgdata\whlstf144.htm
whgdata\whlstf145.htm
whgdata\whlstf146.htm
whgdata\whlstf147.htm
whgdata\whlstf148.htm
whgdata\whlstf149.htm
whgdata\whlstf150.htm
whgdata\whlstf151.htm
whgdata\whlstf152.htm
whgdata\whlstf153.htm
whgdata\whlstf154.htm
whgdata\whlstf155.htm
whgdata\whlstf156.htm
whgdata\whlstf157.htm
whgdata\whlstf158.htm
whgdata\whlstf159.htm
whgdata\whlstf160.htm
whgdata\whlstf161.htm
whgdata\whlstf162.htm
whgdata\whlstf163.htm
whgdata\whlstf164.htm
whgdata\whlstf165.htm
whgdata\whlstf166.htm
whgdata\whlstf167.htm
whgdata\whlstf168.htm
whgdata\whlstf169.htm
whgdata\whlstf170.htm
whgdata\whlstf171.htm
whgdata\whlstf172.htm
whgdata\whlstf173.htm
whgdata\whlstf174.htm
whgdata\whlstf175.htm
whgdata\whlstf176.htm
whgdata\whlstf177.htm
whgdata\whlstf178.htm
whgdata\whlstf179.htm
whgdata\whlstf180.htm
whgdata\whlstf181.htm
whgdata\whlstf182.htm
whgdata\whlstf183.htm
whgdata\whlstf184.htm
whgdata\whlstf185.htm
whgdata\whlstf186.htm
whgdata\whlstf187.htm
whgdata\whlstf188.htm
whgdata\whlstf189.htm
whgdata\whlstf190.htm
whgdata\whlstf191.htm
whgdata\whlstf192.htm
whgdata\whlstf193.htm
whgdata\whlstf194.htm
whgdata\whlstf195.htm
whgdata\whlstf196.htm
whgdata\whlstf197.htm
whgdata\whlstf198.htm
whgdata\whlstf199.htm
whgdata\whlstf200.htm
whgdata\whlstf201.htm
whgdata\whlstf202.htm
whgdata\whlstg0.htm
English.htm
English_csh.htm
English_rhc.htm
